<?xml version="1.0" encoding="UTF-8"?>
<!-- Generated by org.testng.reporters.JUnitReportReporter -->
<testsuite skipped="0" hostname="Mrliu" name="com.first.testcases.LoginTest" tests="2" failures="0" timestamp="25 十月 2017 09:10:03 GMT" time="23.880" errors="0">
  <testcase name="failLoginTest1" time="14.262" classname="com.first.testcases.LoginTest"/>
  <testcase name="loginTest1" time="9.618" classname="com.first.testcases.LoginTest"/>
</testsuite> <!-- com.first.testcases.LoginTest -->
